TN:
SF:.//src/absurd.rs
FN:1,demo
FNF:1
FNDA:0,demo
DA:1,0
DA:2,0
DA:3,0
LF:3
LH:0
end_of_record
TN:
SF:.//src/almost_swapped.rs
FN:2,demo
FNF:1
FNDA:0,demo
DA:2,0
DA:3,0
DA:4,0
DA:5,0
DA:6,0
LF:5
LH:0
end_of_record
TN:
SF:.//src/approx_constant.rs
FN:1,demo
FNF:1
FNDA:0,demo
DA:1,0
DA:2,0
DA:3,0
LF:3
LH:0
end_of_record
TN:
SF:.//src/empty_enum.rs
FN:21,demo
FNF:1
FNDA:0,demo
DA:21,0
DA:22,0
LF:2
LH:0
end_of_record
TN:
SF:.//src/main.rs
FN:8,main
FNF:1
FNDA:0,main
DA:8,0
DA:9,0
DA:10,0
DA:11,0
DA:12,0
DA:14,0
DA:15,0
LF:7
LH:0
end_of_record
TN:
SF:.//src/too_args.rs
FN:2,demo
FNF:1
FNDA:0,demo
DA:2,0
DA:3,0
LF:2
LH:0
end_of_record
TN:
SF:.//src/with_coverage.rs
FN:2,add
FN:56,{{closure}}
FNF:2
FNDA:1,add
FNDA:3,{{closure}}
DA:2,1
DA:6,1
DA:9,1
DA:10,1
DA:13,1
DA:16,1
DA:18,1
DA:19,0
DA:20,2
DA:21,2
DA:23,0
DA:26,2
DA:28,2
DA:31,1
DA:33,0
DA:36,0
DA:41,1
DA:45,1
DA:56,3
DA:57,1
LF:20
LH:16
end_of_record
